c:\users\krist\desktop\school\senior year\intro to game programming\code lecture 6\debug\vc142.pdb
c:\users\krist\desktop\school\senior year\intro to game programming\code lecture 6\debug\vc142.idb
c:\users\krist\desktop\school\senior year\intro to game programming\code lecture 6\debug\shaderprogram.obj
c:\users\krist\desktop\school\senior year\intro to game programming\code lecture 6\debug\main.obj
c:\users\krist\desktop\school\senior year\intro to game programming\code lecture 6\debug\entity.obj
c:\users\krist\desktop\csuy3113\p3\sdlproject\debug\vc142.pdb
c:\users\krist\desktop\csuy3113\p3\sdlproject\debug\vc142.idb
c:\users\krist\desktop\csuy3113\p3\sdlproject\debug\shaderprogram.obj
c:\users\krist\desktop\csuy3113\p3\sdlproject\debug\main.obj
c:\users\krist\desktop\csuy3113\p3\sdlproject\debug\entity.obj
c:\users\krist\desktop\school\senior year\intro to game programming\code lecture 6\debug\sdlproject.exe
c:\users\krist\desktop\school\senior year\intro to game programming\code lecture 6\debug\sdlproject.ilk
c:\users\krist\desktop\school\senior year\intro to game programming\code lecture 6\debug\sdlproject.pdb
c:\users\krist\desktop\csuy3113\p3\sdlproject\debug\sdlproject.exe
c:\users\krist\desktop\csuy3113\p3\sdlproject\debug\sdlproject.ilk
c:\users\krist\desktop\csuy3113\p3\sdlproject\debug\sdlproject.pdb
c:\users\krist\desktop\csuy3113\p3\sdlproject\debug\sdlproject.tlog\cl.command.1.tlog
c:\users\krist\desktop\csuy3113\p3\sdlproject\debug\sdlproject.tlog\cl.read.1.tlog
c:\users\krist\desktop\csuy3113\p3\sdlproject\debug\sdlproject.tlog\cl.write.1.tlog
c:\users\krist\desktop\csuy3113\p3\sdlproject\debug\sdlproject.tlog\link.command.1.tlog
c:\users\krist\desktop\csuy3113\p3\sdlproject\debug\sdlproject.tlog\link.read.1.tlog
c:\users\krist\desktop\csuy3113\p3\sdlproject\debug\sdlproject.tlog\link.write.1.tlog
