c:\users\krist\desktop\school\senior year\intro to game programming\code lecture 9\debug\vc142.pdb
c:\users\krist\desktop\school\senior year\intro to game programming\code lecture 9\debug\vc142.idb
c:\users\krist\desktop\school\senior year\intro to game programming\code lecture 9\debug\util.obj
c:\users\krist\desktop\school\senior year\intro to game programming\code lecture 9\debug\shaderprogram.obj
c:\users\krist\desktop\school\senior year\intro to game programming\code lecture 9\debug\scene.obj
c:\users\krist\desktop\school\senior year\intro to game programming\code lecture 9\debug\map.obj
c:\users\krist\desktop\school\senior year\intro to game programming\code lecture 9\debug\entity.obj
c:\users\krist\desktop\school\senior year\intro to game programming\code lecture 9\debug\main.obj
c:\users\krist\desktop\school\senior year\intro to game programming\code lecture 9\debug\level1.obj
c:\users\krist\desktop\school\senior year\intro to game programming\code lecture 9\debug\level2.obj
c:\users\krist\desktop\school\senior year\intro to game programming\code lecture 10\debug\vc142.pdb
c:\users\krist\desktop\school\senior year\intro to game programming\code lecture 10\debug\vc142.idb
c:\users\krist\desktop\school\senior year\intro to game programming\code lecture 10\debug\util.obj
c:\users\krist\desktop\school\senior year\intro to game programming\code lecture 10\debug\shaderprogram.obj
c:\users\krist\desktop\school\senior year\intro to game programming\code lecture 10\debug\scene.obj
c:\users\krist\desktop\school\senior year\intro to game programming\code lecture 10\debug\map.obj
c:\users\krist\desktop\school\senior year\intro to game programming\code lecture 10\debug\level2.obj
c:\users\krist\desktop\school\senior year\intro to game programming\code lecture 10\debug\level1.obj
c:\users\krist\desktop\school\senior year\intro to game programming\code lecture 10\debug\entity.obj
c:\users\krist\desktop\school\senior year\intro to game programming\code lecture 10\debug\effects.obj
c:\users\krist\desktop\school\senior year\intro to game programming\code lecture 10\debug\main.obj
c:\users\krist\desktop\csuy3113\p5\sdlproject\debug\vc142.pdb
c:\users\krist\desktop\csuy3113\p5\sdlproject\debug\vc142.idb
c:\users\krist\desktop\csuy3113\p5\sdlproject\debug\util.obj
c:\users\krist\desktop\csuy3113\p5\sdlproject\debug\shaderprogram.obj
c:\users\krist\desktop\csuy3113\p5\sdlproject\debug\scene.obj
c:\users\krist\desktop\csuy3113\p5\sdlproject\debug\map.obj
c:\users\krist\desktop\csuy3113\p5\sdlproject\debug\main.obj
c:\users\krist\desktop\csuy3113\p5\sdlproject\debug\level2.obj
c:\users\krist\desktop\csuy3113\p5\sdlproject\debug\level1.obj
c:\users\krist\desktop\csuy3113\p5\sdlproject\debug\entity.obj
c:\users\krist\desktop\csuy3113\p5\sdlproject\debug\effects.obj
c:\users\krist\desktop\csuy3113\p5\sdlproject\debug\level3.obj
c:\users\krist\desktop\csuy3113\p5\sdlproject\debug\menu.obj
c:\users\krist\desktop\school\senior year\intro to game programming\code lecture 9\debug\sdlproject.exe
c:\users\krist\desktop\school\senior year\intro to game programming\code lecture 9\debug\sdlproject.ilk
c:\users\krist\desktop\school\senior year\intro to game programming\code lecture 9\debug\sdlproject.pdb
c:\users\krist\desktop\school\senior year\intro to game programming\code lecture 10\debug\sdlproject.exe
c:\users\krist\desktop\school\senior year\intro to game programming\code lecture 10\debug\sdlproject.ilk
c:\users\krist\desktop\school\senior year\intro to game programming\code lecture 10\debug\sdlproject.pdb
c:\users\krist\desktop\csuy3113\p5\sdlproject\debug\sdlproject.exe
c:\users\krist\desktop\csuy3113\p5\sdlproject\debug\sdlproject.ilk
c:\users\krist\desktop\csuy3113\p5\sdlproject\debug\sdlproject.pdb
c:\users\krist\desktop\csuy3113\p5\sdlproject\debug\sdlproject.tlog\cl.command.1.tlog
c:\users\krist\desktop\csuy3113\p5\sdlproject\debug\sdlproject.tlog\cl.read.1.tlog
c:\users\krist\desktop\csuy3113\p5\sdlproject\debug\sdlproject.tlog\cl.write.1.tlog
c:\users\krist\desktop\csuy3113\p5\sdlproject\debug\sdlproject.tlog\link.command.1.tlog
c:\users\krist\desktop\csuy3113\p5\sdlproject\debug\sdlproject.tlog\link.read.1.tlog
c:\users\krist\desktop\csuy3113\p5\sdlproject\debug\sdlproject.tlog\link.write.1.tlog
