c:\users\krist\desktop\school\senior year\intro to game programming\code lecture 7\debug\vc142.pdb
c:\users\krist\desktop\school\senior year\intro to game programming\code lecture 7\debug\vc142.idb
c:\users\krist\desktop\school\senior year\intro to game programming\code lecture 7\debug\shaderprogram.obj
c:\users\krist\desktop\school\senior year\intro to game programming\code lecture 7\debug\main.obj
c:\users\krist\desktop\school\senior year\intro to game programming\code lecture 7\debug\entity.obj
c:\users\krist\desktop\idk\debug\vc142.pdb
c:\users\krist\desktop\idk\debug\vc142.idb
c:\users\krist\desktop\idk\debug\shaderprogram.obj
c:\users\krist\desktop\idk\debug\map.obj
c:\users\krist\desktop\school\senior year\intro to game programming\code lecture 7\debug\sdlproject.exe
c:\users\krist\desktop\school\senior year\intro to game programming\code lecture 7\debug\sdlproject.ilk
c:\users\krist\desktop\school\senior year\intro to game programming\code lecture 7\debug\sdlproject.pdb
c:\users\krist\desktop\idk\debug\entity.obj
c:\users\krist\desktop\idk\debug\main.obj
c:\users\krist\desktop\idk\debug\sdlproject.ilk
c:\users\krist\desktop\idk\debug\sdlproject.pdb
c:\users\krist\desktop\idk\debug\sdlproject.exe
c:\users\krist\desktop\idk\debug\sdlproject.tlog\cl.command.1.tlog
c:\users\krist\desktop\idk\debug\sdlproject.tlog\cl.read.1.tlog
c:\users\krist\desktop\idk\debug\sdlproject.tlog\cl.write.1.tlog
c:\users\krist\desktop\idk\debug\sdlproject.tlog\link.command.1.tlog
c:\users\krist\desktop\idk\debug\sdlproject.tlog\link.read.1.tlog
c:\users\krist\desktop\idk\debug\sdlproject.tlog\link.write.1.tlog
